  Collisions.cpp
C:\Users\edoar\GiocoPlatform\MovingPlatform.h(42,34): warning C4244: 'return': conversione da 'float' a 'int'. Possibile perdita di dati.
C:\Users\edoar\GiocoPlatform\Collisions.cpp(223,51): warning C4244: '=': conversione da 'int' a 'float'. Possibile perdita di dati.
  EndGamePlatform.cpp
C:\Users\edoar\GiocoPlatform\MovingPlatform.h(42,34): warning C4244: 'return': conversione da 'float' a 'int'. Possibile perdita di dati.
  Ground.cpp
C:\Users\edoar\GiocoPlatform\MovingPlatform.h(42,34): warning C4244: 'return': conversione da 'float' a 'int'. Possibile perdita di dati.
  GroundTarget.cpp
C:\Users\edoar\GiocoPlatform\MovingPlatform.h(42,34): warning C4244: 'return': conversione da 'float' a 'int'. Possibile perdita di dati.
  Levels.cpp
C:\Users\edoar\GiocoPlatform\MovingPlatform.h(42,34): warning C4244: 'return': conversione da 'float' a 'int'. Possibile perdita di dati.
C:\Users\edoar\GiocoPlatform\Levels.cpp(12,39): warning C4244: 'argomento': conversione da 'T' a 'float'. Possibile perdita di dati.
          with
          [
              T=unsigned int
          ]
C:\Users\edoar\GiocoPlatform\Levels.cpp(17,46): warning C4244: 'argomento': conversione da 'T' a 'float'. Possibile perdita di dati.
          with
          [
              T=unsigned int
          ]
C:\Users\edoar\GiocoPlatform\Levels.cpp(22,44): warning C4244: 'argomento': conversione da 'T' a 'float'. Possibile perdita di dati.
          with
          [
              T=unsigned int
          ]
C:\Users\edoar\GiocoPlatform\Levels.cpp(27,42): warning C4244: 'argomento': conversione da 'T' a 'float'. Possibile perdita di dati.
          with
          [
              T=unsigned int
          ]
  LevelTest.cpp
C:\Users\edoar\GiocoPlatform\MovingPlatform.h(42,34): warning C4244: 'return': conversione da 'float' a 'int'. Possibile perdita di dati.
C:\Users\edoar\GiocoPlatform\Livelli\LevelTest.cpp(93,71): warning C4244: 'argomento': conversione da 'double' a 'float'. Possibile perdita di dati.
C:\Users\edoar\GiocoPlatform\Livelli\LevelTest.cpp(93,46): warning C4244: 'argomento': conversione da 'T' a 'float'. Possibile perdita di dati.
          with
          [
              T=unsigned int
          ]
C:\Users\edoar\GiocoPlatform\Livelli\LevelTest.cpp(97,77): warning C4244: 'argomento': conversione da 'T' a 'float'. Possibile perdita di dati.
          with
          [
              T=unsigned int
          ]
C:\Users\edoar\GiocoPlatform\Livelli\LevelTest.cpp(97,49): warning C4244: 'argomento': conversione da 'double' a 'float'. Possibile perdita di dati.
C:\Users\edoar\GiocoPlatform\Livelli\LevelTest.cpp(109,118): warning C4244: 'argomento': conversione da 'T' a 'float'. Possibile perdita di dati.
          with
          [
              T=unsigned int
          ]
  Livello1.cpp
C:\Users\edoar\GiocoPlatform\MovingPlatform.h(42,34): warning C4244: 'return': conversione da 'float' a 'int'. Possibile perdita di dati.
  MovingPlatform.cpp
C:\Users\edoar\GiocoPlatform\MovingPlatform.h(42,34): warning C4244: 'return': conversione da 'float' a 'int'. Possibile perdita di dati.
C:\Users\edoar\GiocoPlatform\MovingPlatform.cpp(19,20): warning C4244: '=': conversione da 'int' a 'float'. Possibile perdita di dati.
C:\Users\edoar\GiocoPlatform\MovingPlatform.cpp(34,16): warning C4244: 'inizializzazione': conversione da 'float' a 'int'. Possibile perdita di dati.
  Multiplayer.cpp
C:\Users\edoar\GiocoPlatform\MovingPlatform.h(42,34): warning C4244: 'return': conversione da 'float' a 'int'. Possibile perdita di dati.
  Muro.cpp
C:\Users\edoar\GiocoPlatform\MovingPlatform.h(42,34): warning C4244: 'return': conversione da 'float' a 'int'. Possibile perdita di dati.
  MuroSpeciale.cpp
C:\Users\edoar\GiocoPlatform\MovingPlatform.h(42,34): warning C4244: 'return': conversione da 'float' a 'int'. Possibile perdita di dati.
  MuroTarget.cpp
C:\Users\edoar\GiocoPlatform\MovingPlatform.h(42,34): warning C4244: 'return': conversione da 'float' a 'int'. Possibile perdita di dati.
  Origine.cpp
C:\Users\edoar\GiocoPlatform\MovingPlatform.h(42,34): warning C4244: 'return': conversione da 'float' a 'int'. Possibile perdita di dati.
  Pedana.cpp
C:\Users\edoar\GiocoPlatform\MovingPlatform.h(42,34): warning C4244: 'return': conversione da 'float' a 'int'. Possibile perdita di dati.
  PlayerController.cpp
C:\Users\edoar\GiocoPlatform\MovingPlatform.h(42,34): warning C4244: 'return': conversione da 'float' a 'int'. Possibile perdita di dati.
  game.cpp
C:\Users\edoar\GiocoPlatform\MovingPlatform.h(42,34): warning C4244: 'return': conversione da 'float' a 'int'. Possibile perdita di dati.
  Generazione codice in corso...
C:\Users\edoar\GiocoPlatform\Multiplayer.cpp(223): warning C4172: verrà restituito l'indirizzo del valore : ciao temporaneo o della variabile locale
  4 of 619 functions ( 0.6%) were compiled, the rest were copied from previous compilation.
    1 functions were new in current compilation
    83 functions had inline decision re-evaluated but remain unchanged
  Generazione codice terminata
  GiocoPlatform.vcxproj -> C:\Users\edoar\GiocoPlatform\x64\Release\GiocoPlatform.exe
